Started GET "/" for ::1 at 2020-04-11 10:36:30 +0300
  [1m[35m (3.8ms)[0m  [1m[34mSELECT sqlite_version(*)[0m
Processing by Rails::WelcomeController#index as HTML
  Rendering /home/andriy/.rvm/gems/ruby-2.6.5/gems/railties-6.0.2.2/lib/rails/templates/rails/welcome/index.html.erb
  Rendered /home/andriy/.rvm/gems/ruby-2.6.5/gems/railties-6.0.2.2/lib/rails/templates/rails/welcome/index.html.erb (Duration: 10.3ms | Allocations: 471)
Completed 200 OK in 30ms (Views: 22.0ms | ActiveRecord: 0.0ms | Allocations: 2890)


Started GET "/pages/dashboard" for ::1 at 2020-04-11 10:36:41 +0300
Processing by PagesController#dashboard as HTML
  Rendering pages/dashboard.html.erb within layouts/application
  Rendered pages/dashboard.html.erb within layouts/application (Duration: 0.6ms | Allocations: 192)
[Webpacker] Compiling...
[Webpacker] Compiled all packs in /home/andriy/Рабочий стол/geekhub/final_project/public/packs
[Webpacker] Hash: 3f619d696bf78c8c9acd
Version: webpack 4.42.1
Time: 13448ms
Built at: 2020-04-11 10:36:56
                                     Asset       Size       Chunks                         Chunk Names
    js/application-e61d87685956b3ff992e.js   2.75 MiB  application  [emitted] [immutable]  application
js/application-e61d87685956b3ff992e.js.map   2.96 MiB  application  [emitted] [dev]        application
                             manifest.json  364 bytes               [emitted]              
Entrypoint application = js/application-e61d87685956b3ff992e.js js/application-e61d87685956b3ff992e.js.map
[./app/javascript/channels sync recursive _channel\.js$] ./app/javascript/channels sync _channel\.js$ 160 bytes {application} [built]
[./app/javascript/channels/index.js] 211 bytes {application} [built]
[./app/javascript/packs/application.js] 854 bytes {application} [built]
[./app/javascript/stylesheets/application.scss] 706 bytes {application} [built]
[./node_modules/css-loader/dist/cjs.js?!./node_modules/postcss-loader/src/index.js?!./node_modules/sass-loader/dist/cjs.js?!./app/javascript/stylesheets/application.scss] ./node_modules/css-loader/dist/cjs.js??ref--7-1!./node_modules/postcss-loader/src??ref--7-2!./node_modules/sass-loader/dist/cjs.js??ref--7-3!./app/javascript/stylesheets/application.scss 927 KiB {application} [built]
[./node_modules/webpack/buildin/global.js] (webpack)/buildin/global.js 905 bytes {application} [built]
[./node_modules/webpack/buildin/module.js] (webpack)/buildin/module.js 552 bytes {application} [built]
    + 12 hidden modules

Completed 200 OK in 15603ms (Views: 15601.9ms | ActiveRecord: 0.0ms | Allocations: 4578)


